Added Component: Designator=THERM1(Type K Connector)
Added Component: Designator=THERM2(Type K Connector)
Added Component: Designator=THERM3(Type K Connector)
Added Component: Designator=THERM4(Type K Connector)
Added Pin To Net: NetName=NetTHERM1_1 Pin=THERM1-1
Added Pin To Net: NetName=NetTHERM1_1 Pin=U7-3
Added Net: Name=NetTHERM1_1
Added Pin To Net: NetName=NetTHERM1_2 Pin=THERM1-2
Added Pin To Net: NetName=NetTHERM1_2 Pin=U7-2
Added Net: Name=NetTHERM1_2
Added Pin To Net: NetName=NetTHERM2_1 Pin=THERM2-1
Added Pin To Net: NetName=NetTHERM2_1 Pin=U6-3
Added Net: Name=NetTHERM2_1
Added Pin To Net: NetName=NetTHERM2_2 Pin=THERM2-2
Added Pin To Net: NetName=NetTHERM2_2 Pin=U6-2
Added Net: Name=NetTHERM2_2
Added Pin To Net: NetName=NetTHERM3_1 Pin=THERM3-1
Added Pin To Net: NetName=NetTHERM3_1 Pin=U5-3
Added Net: Name=NetTHERM3_1
Added Pin To Net: NetName=NetTHERM3_2 Pin=THERM3-2
Added Pin To Net: NetName=NetTHERM3_2 Pin=U5-2
Added Net: Name=NetTHERM3_2
Added Pin To Net: NetName=NetTHERM4_1 Pin=THERM4-1
Added Pin To Net: NetName=NetTHERM4_1 Pin=U4-3
Added Net: Name=NetTHERM4_1
Added Pin To Net: NetName=NetTHERM4_2 Pin=THERM4-2
Added Pin To Net: NetName=NetTHERM4_2 Pin=U4-2
Added Net: Name=NetTHERM4_2
Added Member To Class: ClassName=mainSchem Member=Component THERM1 AM-K-PCB
Added Member To Class: ClassName=mainSchem Member=Component THERM2 AM-K-PCB
Added Member To Class: ClassName=mainSchem Member=Component THERM3 AM-K-PCB
Added Member To Class: ClassName=mainSchem Member=Component THERM4 AM-K-PCB
